<?xml version="1.0" encoding="UTF-8"?>
<!-- Generated by org.testng.reporters.JUnitXMLReporter -->
<testsuite ignored="0" hostname="DESKTOP-29D1PLS" failures="0" tests="4" name="Surefire test" time="6.989" errors="0" timestamp="20 Sep 2023 12:22:54 GMT">
  <testcase classname="test.RestAssured_Spotify2.tests.PlaylistsTest" name="getPlaylistTest" time="6.506"/>
  <testcase classname="test.RestAssured_Spotify2.tests.PlaylistsTest" name="updatePlaylistTest" time="6.765"/>
  <testcase classname="test.RestAssured_Spotify2.tests.PlaylistsTest" name="createPlaylistWithoutNameTest" time="6.782"/>
  <testcase classname="test.RestAssured_Spotify2.tests.PlaylistsTest" name="createPlaylistTest" time="6.924"/>
</testsuite> <!-- Surefire test -->
