<?xml version="1.0" encoding="UTF-8"?>
<!-- Generated by org.testng.reporters.JUnitXMLReporter -->
<testsuite ignored="3" hostname="DESKTOP-29D1PLS" failures="0" tests="1" name="Default test" time="4.502" errors="0" timestamp="08 Sep 2023 13:03:42 GMT">
  <testcase classname="test.RestAssured_Spotify2.tests.PlaylistsTest" name="createPlaylistTest" time="4.373"/>
  <testcase classname="test.RestAssured_Spotify2.tests.PlaylistsTest" name="getPlaylistTest" time="0.0">
    <ignored/>
  </testcase> <!-- getPlaylistTest -->
  <testcase classname="test.RestAssured_Spotify2.tests.PlaylistsTest" name="updatePlaylistTest" time="0.0">
    <ignored/>
  </testcase> <!-- updatePlaylistTest -->
  <testcase classname="test.RestAssured_Spotify2.tests.PlaylistsTest" name="createPlaylistWithoutNameTest" time="0.0">
    <ignored/>
  </testcase> <!-- createPlaylistWithoutNameTest -->
</testsuite> <!-- Default test -->
