<?xml version="1.0" encoding="UTF-8"?>
<testng-results ignored="0" total="4" passed="4" failed="0" skipped="0">
  <reporter-output>
  </reporter-output>
  <suite started-at="2023-09-20T12:22:47Z" name="Surefire suite" finished-at="2023-09-20T12:22:54Z" duration-ms="6989">
    <groups>
    </groups>
    <test started-at="2023-09-20T12:22:47Z" name="Surefire test" finished-at="2023-09-20T12:22:54Z" duration-ms="6989">
      <class name="test.RestAssured_Spotify2.tests.PlaylistsTest">
        <test-method signature="updatePlaylistTest()[pri:0, instance:test.RestAssured_Spotify2.tests.PlaylistsTest@4beddc56]" started-at="2023-09-20T12:22:47Z" name="updatePlaylistTest" finished-at="2023-09-20T12:22:53Z" duration-ms="6765" status="PASS">
          <reporter-output>
          </reporter-output>
        </test-method> <!-- updatePlaylistTest -->
        <test-method signature="createPlaylistWithoutNameTest()[pri:0, instance:test.RestAssured_Spotify2.tests.PlaylistsTest@4beddc56]" started-at="2023-09-20T12:22:47Z" name="createPlaylistWithoutNameTest" finished-at="2023-09-20T12:22:53Z" duration-ms="6782" status="PASS">
          <reporter-output>
          </reporter-output>
        </test-method> <!-- createPlaylistWithoutNameTest -->
        <test-method signature="getPlaylistTest()[pri:0, instance:test.RestAssured_Spotify2.tests.PlaylistsTest@4beddc56]" started-at="2023-09-20T12:22:47Z" name="getPlaylistTest" finished-at="2023-09-20T12:22:53Z" duration-ms="6506" status="PASS">
          <reporter-output>
          </reporter-output>
        </test-method> <!-- getPlaylistTest -->
        <test-method signature="createPlaylistTest()[pri:0, instance:test.RestAssured_Spotify2.tests.PlaylistsTest@4beddc56]" started-at="2023-09-20T12:22:47Z" name="createPlaylistTest" description="Create a Playlist" finished-at="2023-09-20T12:22:54Z" duration-ms="6924" status="PASS">
          <reporter-output>
          </reporter-output>
        </test-method> <!-- createPlaylistTest -->
      </class> <!-- test.RestAssured_Spotify2.tests.PlaylistsTest -->
    </test> <!-- Surefire test -->
  </suite> <!-- Surefire suite -->
</testng-results>
