<?xml version="1.0" encoding="UTF-8"?>
<testsuite xmlns:xsi="http://www.w3.org/2001/XMLSchema-instance" xsi:noNamespaceSchemaLocation="https://maven.apache.org/surefire/maven-surefire-plugin/xsd/surefire-test-report-3.0.xsd" version="3.0" name="test.RestAssured_Spotify2.tests.PlaylistsTest" time="8.441" tests="4" errors="0" skipped="0" failures="0">
  <properties>
[...]
</properties>
  <testcase name="getPlaylistTest" classname="test.RestAssured_Spotify2.tests.PlaylistsTest" time="6.501">
    <system-out><![CDATA[Request method:	POST
Request URI:	https://accounts.spotify.com/api/token
Proxy:			<none>
Request params:	<none>
Query params:	<none>
Form params:	refresh_token=AQCEpJ2vnmrkrhBL25Wt8zw-ZSl89b4I3qtYaNRJTCoGS0wwwqyGMHZr6OFJm4IUQU93EbpaRveooh1jipTFxbZpzCp2CmyidMN8JvXUfaqMfPHu82z83CiDqx_HXmAT8yQ
				grant_type=refresh_token
				client_secret=f892d54a6b2643dca09b4218e6744a70
				client_id=00bc0d883dc84e32958c55d7e08b319c
Path params:	<none>
Headers:		Accept=*/*
				Content-Type=application/x-www-form-urlencoded; charset=ISO-8859-1
Cookies:		<none>
Multiparts:		<none>
Body:			<none>
Request method:	POST
Request URI:	https://accounts.spotify.com/api/token
Proxy:			<none>
Request params:	<none>
Query params:	<none>
Form params:	refresh_token=AQCEpJ2vnmrkrhBL25Wt8zw-ZSl89b4I3qtYaNRJTCoGS0wwwqyGMHZr6OFJm4IUQU93EbpaRveooh1jipTFxbZpzCp2CmyidMN8JvXUfaqMfPHu82z83CiDqx_HXmAT8yQ
				grant_type=refresh_token
				client_secret=f892d54a6b2643dca09b4218e6744a70
				client_id=00bc0d883dc84e32958c55d7e08b319c
Path params:	<none>
Headers:		Accept=*/*
				Content-Type=application/x-www-form-urlencoded; charset=ISO-8859-1
Cookies:		<none>
Multiparts:		<none>
Body:			<none>
Request method:	POST
Request URI:	https://accounts.spotify.com/api/token
Proxy:			<none>
Request params:	<none>
Query params:	<none>
Form params:	refresh_token=AQCEpJ2vnmrkrhBL25Wt8zw-ZSl89b4I3qtYaNRJTCoGS0wwwqyGMHZr6OFJm4IUQU93EbpaRveooh1jipTFxbZpzCp2CmyidMN8JvXUfaqMfPHu82z83CiDqx_HXmAT8yQ
				grant_type=refresh_token
				client_secret=f892d54a6b2643dca09b4218e6744a70
				client_id=00bc0d883dc84e32958c55d7e08b319c
Path params:	<none>
Headers:		Accept=*/*
				Content-Type=application/x-www-form-urlencoded; charset=ISO-8859-1
Cookies:		<none>
Multiparts:		<none>
Body:			<none>
Request method:	POST
Request URI:	https://accounts.spotify.com/api/token
Proxy:			<none>
Request params:	<none>
Query params:	<none>
Form params:	refresh_token=AQCEpJ2vnmrkrhBL25Wt8zw-ZSl89b4I3qtYaNRJTCoGS0wwwqyGMHZr6OFJm4IUQU93EbpaRveooh1jipTFxbZpzCp2CmyidMN8JvXUfaqMfPHu82z83CiDqx_HXmAT8yQ
				grant_type=refresh_token
				client_secret=f892d54a6b2643dca09b4218e6744a70
				client_id=00bc0d883dc84e32958c55d7e08b319c
Path params:	<none>
Headers:		Accept=*/*
				Content-Type=application/x-www-form-urlencoded; charset=ISO-8859-1
Cookies:		<none>
Multiparts:		<none>
Body:			<none>
HTTP/1.1 200 OK
date: Wed, 20 Sep 2023 12:22:50 GMT
content-type: application/json
vary: Accept-Encoding
set-cookie: __Host-device_id=AQCEsgTrHbOz56motR4C2yzG3YCOCIMPz0TnXaCj03xH9e-VfoqM1BQlS6llwypvX6_Mp9AexwkiXZaXUY4T7YtRl2NJRnqnhto;Version=1;Path=/;Max-Age=2147483647;Secure;HttpOnly;SameSite=Lax
set-cookie: sp_tr=false;Version=1;Domain=accounts.spotify.com;Path=/;Secure;SameSite=Lax
sp-trace-id: df38793d303ad73a
content-encoding: gzip
x-envoy-upstream-service-time: 42
server: envoy
strict-transport-security: max-age=31536000
x-content-type-options: nosniff
Via: HTTP/2 edgeproxy, 1.1 google
Alt-Svc: h3=":443"; ma=2592000,h3-29=":443"; ma=2592000
Transfer-Encoding: chunked

{
    "access_token": "BQARNHUaMPGmix1EImRLsMWRuMmrhjRith5BIzVhp8swcBII2ZkBRxgjHyb-wVKtdguU9d-JGo1kCsCIv_vGBpLDKLiORtniNy3KGrAThPqmFsqgvWQFX1fLNsvqWNhV4dHiHzLqQ3CsrmmxMpnSgoNUbTEOQ88eUyMeY-bnRI_ylxUv2IUisAZZYuo4mQgDcnJv6qE053UiZ_AlMJMhq-CU_pkdlxULoPuhdf8e8rD6bE0ocDqgL4ugzvIGofm7lZCK4RybiKO5tJlI",
    "token_type": "Bearer",
    "expires_in": 3600,
    "scope": "playlist-read-private playlist-read-collaborative playlist-modify-private playlist-modify-public"
}
HTTP/1.1 200 OK
date: Wed, 20 Sep 2023 12:22:50 GMT
content-type: application/json
vary: Accept-Encoding
set-cookie: __Host-device_id=AQDtE2ZYMJ4X8CyIdl9WLwuaf4ldSKUPNuz0CKHSuNfRx7J1HGPv_ISnwbaJ8kWivBMj_LsREMsx3LD7VTffNzTbTjQxYFHCFS0;Version=1;Path=/;Max-Age=2147483647;Secure;HttpOnly;SameSite=Lax
set-cookie: sp_tr=false;Version=1;Domain=accounts.spotify.com;Path=/;Secure;SameSite=Lax
sp-trace-id: 56c2e39d92c7a2ba
content-encoding: gzip
x-envoy-upstream-service-time: 47
server: envoy
strict-transport-security: max-age=31536000
x-content-type-options: nosniff
Via: HTTP/2 edgeproxy, 1.1 google
Alt-Svc: h3=":443"; ma=2592000,h3-29=":443"; ma=2592000
Transfer-Encoding: chunked

{
    "access_token": "BQBOvYPlhlFdUMIE2vXbo02A6kN3Izvpe5haJX-wgA8NzZEW3zTxvAefyYVjONCvgh1JDF1genmmzVjwon1g3BZfEf5c1_Pk7dZd3FSO-89REaHGvYgiT_n_GasT8R3h8u6wzE00QZUdbufDsCAG2naLfmAy_kDgYAVl0lEsVYCe0j7AcOUijXW2-w8SCxXAZn9uRp9QYGYkFb1d-6uSqi_4xu4kE1Bwt0PmtGu3XFKqFwsokdHlj7Uyp2fGJSzylEQOEomXkAnhmPs_",
    "token_type": "Bearer",
    "expires_in": 3600,
    "scope": "playlist-read-private playlist-read-collaborative playlist-modify-private playlist-modify-public"
}
HTTP/1.1 200 OK
date: Wed, 20 Sep 2023 12:22:50 GMT
content-type: application/json
vary: Accept-Encoding
set-cookie: __Host-device_id=AQDbRG-LhSjmgkqlfpwq3w9MSBfgcELPf2Uz_uvg-bC77TRNuOAYEvK47Ojc48XR2fZ-iY3Xw9FG5ur1MfTHbbn_RmJEjoPdF7M;Version=1;Path=/;Max-Age=2147483647;Secure;HttpOnly;SameSite=Lax
set-cookie: sp_tr=false;Version=1;Domain=accounts.spotify.com;Path=/;Secure;SameSite=Lax
sp-trace-id: 7c0cc738ab8813dc
content-encoding: gzip
x-envoy-upstream-service-time: 43
server: envoy
strict-transport-security: max-age=31536000
x-content-type-options: nosniff
Via: HTTP/2 edgeproxy, 1.1 google
Alt-Svc: h3=":443"; ma=2592000,h3-29=":443"; ma=2592000
Transfer-Encoding: chunked

{
    "access_token": "BQAIDZ7OpFptpMVyfKntWxIp-lH_hb2QpVPs5CxzsRh7mdTdV04pRRajcrDFpJSxcCtuRFl6ScugT5uWkQYFFOmbY0dYm9Y5CTiyID0SEq-4T3gFwDUfZehdmPZ7OXz9gVRVgLYzoAhMeYcLAYOLQhYvwVA1Q2rO6upcrtfhEvqG8uLxHym14yg-R_FFx6M2zypkzWUhptJtleq2uCCjOH05yz7On8fh0n3ZwIozg2Wj0BVf2wgS5OwrR73f_bXw7AIpOnfk7ObQ38Rs",
    "token_type": "Bearer",
    "expires_in": 3600,
    "scope": "playlist-read-private playlist-read-collaborative playlist-modify-private playlist-modify-public"
}
HTTP/1.1 200 OK
date: Wed, 20 Sep 2023 12:22:50 GMT
content-type: application/json
vary: Accept-Encoding
set-cookie: __Host-device_id=AQDv3YZ8qdwIKcfYLcW-QwS61-r8yGuaUE8Q_M9Jqq0xafZSSWnXgnrHl1NxjGRsOctwCRKUBK8rfQHhPFfvy-02u3FV4hg9ob8;Version=1;Path=/;Max-Age=2147483647;Secure;HttpOnly;SameSite=Lax
set-cookie: sp_tr=false;Version=1;Domain=accounts.spotify.com;Path=/;Secure;SameSite=Lax
sp-trace-id: a67aecd5c5467c6c
content-encoding: gzip
x-envoy-upstream-service-time: 55
server: envoy
strict-transport-security: max-age=31536000
x-content-type-options: nosniff
Via: HTTP/2 edgeproxy, 1.1 google
Alt-Svc: h3=":443"; ma=2592000,h3-29=":443"; ma=2592000
Transfer-Encoding: chunked

{
    "access_token": "BQD7-Ec2-M4jZahJ4Ccf8Hmysu73mCFWveXDs6CPxohQ5vsPpDUgztZoAlGqIes9_A_VMRq4LmiOd7iR5soCZHW9kgySfAIcZtfwLvIU1IutctplxSe8GPIGDFHCryGkis1ehrUyo5f29oF2qGB3oquSmCY-FiTNjxXPJ_DdXVOVJwpEuqjvr4Gyl2sMzpc1D3TBaOgNa8e573gM6GvDMv7bYPfhuTPIuf0Y_bGxShmyBnnxcoNNhGiBf6o-yxJGNQgmfwSeom5K8gIf",
    "token_type": "Bearer",
    "expires_in": 3600,
    "scope": "playlist-read-private playlist-read-collaborative playlist-modify-private playlist-modify-public"
}
Request method:	GET
Request URI:	https://api.spotify.com/v1/playlists/6qgrzGOvLh31k8Sj4gublv
Proxy:			<none>
Request params:	<none>
Query params:	<none>
Form params:	<none>
Path params:	<none>
Headers:		Accept=*/*
				Content-Type=application/json
Cookies:		<none>
Multiparts:		<none>
Body:			<none>
HTTP/1.1 200 OK
content-type: application/json; charset=utf-8
cache-control: public, max-age=0
etag: "MC-IjdkY2NmYjBiMzM0MzE0NWQ2ZmNiMTIyZjBjMTkzM2U5Ig=="
x-robots-tag: noindex, nofollow
access-control-allow-origin: *
access-control-allow-headers: Accept, App-Platform, Authorization, Content-Type, Origin, Retry-After, Spotify-App-Version, X-Cloud-Trace-Context, client-token, content-access-token
access-control-allow-methods: GET, POST, OPTIONS, PUT, DELETE, PATCH
access-control-allow-credentials: true
access-control-max-age: 604800
content-encoding: gzip
strict-transport-security: max-age=31536000
x-content-type-options: nosniff
date: Wed, 20 Sep 2023 12:22:52 GMT
server: envoy
Via: HTTP/2 edgeproxy, 1.1 google
Alt-Svc: h3=":443"; ma=2592000,h3-29=":443"; ma=2592000
Transfer-Encoding: chunked

{
    "collaborative": false,
    "description": "Newly playlist description2",
    "external_urls": {
        "spotify": "https://open.spotify.com/playlist/6qgrzGOvLh31k8Sj4gublv"
    },
    "followers": {
        "href": null,
        "total": 0
    },
    "href": "https://api.spotify.com/v1/playlists/6qgrzGOvLh31k8Sj4gublv",
    "id": "6qgrzGOvLh31k8Sj4gublv",
    "images": [
        
    ],
    "name": "Harish Playlist2",
    "owner": {
        "display_name": "Harish",
        "external_urls": {
            "spotify": "https://open.spotify.com/user/31hykqopbuofnrzol2tujcau2l7u"
        },
        "href": "https://api.spotify.com/v1/users/31hykqopbuofnrzol2tujcau2l7u",
        "id": "31hykqopbuofnrzol2tujcau2l7u",
        "type": "user",
        "uri": "spotify:user:31hykqopbuofnrzol2tujcau2l7u"
    },
    "primary_color": null,
    "public": false,
    "snapshot_id": "NSxmNzFhMzQyNWY5NDE0YTNlMTZkMTg5YTQ2ZTNmN2I5ZjZkYWRiODU4",
    "tracks": {
        "href": "https://api.spotify.com/v1/playlists/6qgrzGOvLh31k8Sj4gublv/tracks?offset=0&limit=100",
        "items": [
            
        ],
        "limit": 100,
        "next": null,
        "offset": 0,
        "previous": null,
        "total": 0
    },
    "type": "playlist",
    "uri": "spotify:playlist:6qgrzGOvLh31k8Sj4gublv"
}
Request method:	PUT
Request URI:	https://api.spotify.com/v1/playlists/6qgrzGOvLh31k8Sj4gublv
Proxy:			<none>
Request params:	<none>
Query params:	<none>
Form params:	<none>
Path params:	<none>
Headers:		Accept=*/*
				Content-Type=application/json
Cookies:		<none>
Multiparts:		<none>
Body:
{
    "description": "Newly playlist description2",
    "name": "Harish Playlist2",
    "public": false
}
Request method:	POST
Request URI:	https://api.spotify.com/v1/users/31hykqopbuofnrzol2tujcau2l7u/playlists
Proxy:			<none>
Request params:	<none>
Query params:	<none>
Form params:	<none>
Path params:	<none>
Headers:		Accept=*/*
				Content-Type=application/json
Cookies:		<none>
Multiparts:		<none>
Body:
{
    "description": "Description1Z+_tv_+9s+#@&D5_._+#M##EQ##u+q&_&S_#_F+_&&a_4a+x+",
    "name": "",
    "public": false
}
Request method:	POST
Request URI:	https://api.spotify.com/v1/users/31hykqopbuofnrzol2tujcau2l7u/playlists
Proxy:			<none>
Request params:	<none>
Query params:	<none>
Form params:	<none>
Path params:	<none>
Headers:		Accept=*/*
				Content-Type=application/json
Cookies:		<none>
Multiparts:		<none>
Body:
{
    "description": "DescriptionBk&E5&#_K#6ye&+&8+/&_6X++0+VK8_b&+A3++rj#++47&&-#R",
    "name": "PlaylistL9-_8  h1R",
    "public": false
}
]]></system-out>
    <system-err><![CDATA[SLF4J: Failed to load class "org.slf4j.impl.StaticLoggerBinder".
SLF4J: Defaulting to no-operation (NOP) logger implementation
SLF4J: See http://www.slf4j.org/codes.html#StaticLoggerBinder for further details.
]]></system-err>
  </testcase>
  <testcase name="updatePlaylistTest" classname="test.RestAssured_Spotify2.tests.PlaylistsTest" time="6.658">
    <system-out><![CDATA[HTTP/1.1 400 Bad Request
content-type: application/json; charset=utf-8
cache-control: private, max-age=0
x-robots-tag: noindex, nofollow
access-control-allow-origin: *
access-control-allow-headers: Accept, App-Platform, Authorization, Content-Type, Origin, Retry-After, Spotify-App-Version, X-Cloud-Trace-Context, client-token, content-access-token
access-control-allow-methods: GET, POST, OPTIONS, PUT, DELETE, PATCH
access-control-allow-credentials: true
access-control-max-age: 604800
content-encoding: gzip
strict-transport-security: max-age=31536000
x-content-type-options: nosniff
date: Wed, 20 Sep 2023 12:22:53 GMT
server: envoy
Via: HTTP/2 edgeproxy, 1.1 google
Alt-Svc: h3=":443"; ma=2592000,h3-29=":443"; ma=2592000
Transfer-Encoding: chunked

{
    "error": {
        "status": 400,
        "message": "Missing required field: name"
    }
}
HTTP/1.1 200 OK
cache-control: private, max-age=0
x-robots-tag: noindex, nofollow
access-control-allow-origin: *
access-control-allow-headers: Accept, App-Platform, Authorization, Content-Type, Origin, Retry-After, Spotify-App-Version, X-Cloud-Trace-Context, client-token, content-access-token
access-control-allow-methods: GET, POST, OPTIONS, PUT, DELETE, PATCH
access-control-allow-credentials: true
access-control-max-age: 604800
Content-Length: 0
strict-transport-security: max-age=31536000
x-content-type-options: nosniff
date: Wed, 20 Sep 2023 12:22:53 GMT
server: envoy
Via: HTTP/2 edgeproxy, 1.1 google
Alt-Svc: h3=":443"; ma=2592000,h3-29=":443"; ma=2592000
]]></system-out>
  </testcase>
  <testcase name="createPlaylistWithoutNameTest" classname="test.RestAssured_Spotify2.tests.PlaylistsTest" time="6.659"/>
  <testcase name="createPlaylistTest" classname="test.RestAssured_Spotify2.tests.PlaylistsTest" time="6.82">
    <system-out><![CDATA[HTTP/1.1 201 Created
content-type: application/json; charset=utf-8
cache-control: private, max-age=0
location: https://api.spotify.com/v1/playlists/7MhHUVqAtoFDwpYEB9IYC0
x-robots-tag: noindex, nofollow
access-control-allow-origin: *
access-control-allow-headers: Accept, App-Platform, Authorization, Content-Type, Origin, Retry-After, Spotify-App-Version, X-Cloud-Trace-Context, client-token, content-access-token
access-control-allow-methods: GET, POST, OPTIONS, PUT, DELETE, PATCH
access-control-allow-credentials: true
access-control-max-age: 604800
content-encoding: gzip
strict-transport-security: max-age=31536000
x-content-type-options: nosniff
date: Wed, 20 Sep 2023 12:22:53 GMT
server: envoy
Via: HTTP/2 edgeproxy, 1.1 google
Alt-Svc: h3=":443"; ma=2592000,h3-29=":443"; ma=2592000
Transfer-Encoding: chunked

{
    "collaborative": false,
    "description": "DescriptionBk&E5&#_K#6ye&+&8+/&_6X++0+VK8_b&+A3++rj#++47&&-#R",
    "external_urls": {
        "spotify": "https://open.spotify.com/playlist/7MhHUVqAtoFDwpYEB9IYC0"
    },
    "followers": {
        "href": null,
        "total": 0
    },
    "href": "https://api.spotify.com/v1/playlists/7MhHUVqAtoFDwpYEB9IYC0",
    "id": "7MhHUVqAtoFDwpYEB9IYC0",
    "images": [
        
    ],
    "name": "PlaylistL9-_8  h1R",
    "owner": {
        "display_name": "Harish",
        "external_urls": {
            "spotify": "https://open.spotify.com/user/31hykqopbuofnrzol2tujcau2l7u"
        },
        "href": "https://api.spotify.com/v1/users/31hykqopbuofnrzol2tujcau2l7u",
        "id": "31hykqopbuofnrzol2tujcau2l7u",
        "type": "user",
        "uri": "spotify:user:31hykqopbuofnrzol2tujcau2l7u"
    },
    "primary_color": null,
    "public": false,
    "snapshot_id": "MSw2ZTdjNjQ1ZWNkZjFlZmI4NTgzNzJjNzIyNWRjMWU3Mjg5MDdhZTNi",
    "tracks": {
        "href": "https://api.spotify.com/v1/playlists/7MhHUVqAtoFDwpYEB9IYC0/tracks",
        "items": [
            
        ],
        "limit": 100,
        "next": null,
        "offset": 0,
        "previous": null,
        "total": 0
    },
    "type": "playlist",
    "uri": "spotify:playlist:7MhHUVqAtoFDwpYEB9IYC0"
}
]]></system-out>
  </testcase>
</testsuite>