<?xml version="1.0" encoding="UTF-8"?>
<testng-results ignored="3" total="4" passed="1" failed="0" skipped="0">
  <reporter-output>
  </reporter-output>
  <suite started-at="2023-09-08T13:03:37Z" name="Default suite" finished-at="2023-09-08T13:03:42Z" duration-ms="4502">
    <groups>
    </groups>
    <test started-at="2023-09-08T13:03:37Z" name="Default test" finished-at="2023-09-08T13:03:42Z" duration-ms="4502">
      <class name="test.RestAssured_Spotify2.tests.PlaylistsTest">
        <test-method signature="createPlaylistTest()[pri:0, instance:test.RestAssured_Spotify2.tests.PlaylistsTest@3e3861d7]" started-at="2023-09-08T13:03:38Z" name="createPlaylistTest" description="Create a Playlist" finished-at="2023-09-08T13:03:42Z" duration-ms="4373" status="PASS">
          <reporter-output>
          </reporter-output>
        </test-method> <!-- createPlaylistTest -->
      </class> <!-- test.RestAssured_Spotify2.tests.PlaylistsTest -->
    </test> <!-- Default test -->
  </suite> <!-- Default suite -->
</testng-results>
